[debug] [2021-04-09T08:00:50.752Z] ----------------------------------------------------------------------
[debug] [2021-04-09T08:00:50.754Z] Command:       C:\Program Files\nodejs\node.exe C:\Users\adacar\AppData\Roaming\npm\node_modules\firebase-tools\lib\bin\firebase.js emulators:start
[debug] [2021-04-09T08:00:50.754Z] CLI Version:   9.8.0
[debug] [2021-04-09T08:00:50.754Z] Platform:      win32
[debug] [2021-04-09T08:00:50.754Z] Node Version:  v14.16.0
[debug] [2021-04-09T08:00:50.755Z] Time:          Fri Apr 09 2021 09:00:50 GMT+0100 (British Summer Time)
[debug] [2021-04-09T08:00:50.756Z] ----------------------------------------------------------------------
[debug] 
[debug] [2021-04-09T08:00:50.763Z] > command requires scopes: ["email","openid","https://www.googleapis.com/auth/cloudplatformprojects.readonly","https://www.googleapis.com/auth/firebase","https://www.googleapis.com/auth/cloud-platform"]
[debug] [2021-04-09T08:00:50.764Z] > authorizing via signed-in user
[info] i  emulators: Starting emulators: auth, functions, firestore, hosting {"metadata":{"emulator":{"name":"hub"},"message":"Starting emulators: auth, functions, firestore, hosting"}}
[debug] [2021-04-09T08:00:50.791Z] [hub] writing locator at C:\Users\adacar\AppData\Local\Temp\hub-personal-firebase-test-c5bce.json
[warn] !  functions: The following emulators are not running, calls to these services from the Functions emulator will affect production: database, pubsub {"metadata":{"emulator":{"name":"functions"},"message":"The following emulators are not running, calls to these services from the Functions emulator will affect production: \u001b[1mdatabase, pubsub\u001b[22m"}}
[warn] !  Your requested "node" version "12" doesn't match your global version "14" {"metadata":{"emulator":{"name":"functions"},"message":"Your requested \"node\" version \"12\" doesn't match your global version \"14\""}}
[debug] [2021-04-09T08:00:50.826Z] defaultcredentials: writing to file C:\Users\adacar\AppData\Roaming\firebase\adamjcarruthers11_gmail_com_application_default_credentials.json
[debug] [2021-04-09T08:00:50.829Z] Setting GAC to C:\Users\adacar\AppData\Roaming\firebase\adamjcarruthers11_gmail_com_application_default_credentials.json {"metadata":{"emulator":{"name":"functions"},"message":"Setting GAC to C:\\Users\\adacar\\AppData\\Roaming\\firebase\\adamjcarruthers11_gmail_com_application_default_credentials.json"}}
[debug] [2021-04-09T08:00:50.831Z] > refreshing access token with scopes: []
[debug] [2021-04-09T08:00:50.832Z] >>> HTTP REQUEST POST https://www.googleapis.com/oauth2/v3/token  
 <request body omitted>
[debug] [2021-04-09T08:00:50.936Z] <<< HTTP RESPONSE 200 {"date":"Fri, 09 Apr 2021 08:00:50 GMT","pragma":"no-cache","cache-control":"no-cache, no-store, max-age=0, must-revalidate","expires":"Mon, 01 Jan 1990 00:00:00 GMT","content-type":"application/json; charset=utf-8","vary":"X-Origin, Referer, Origin,Accept-Encoding","server":"scaffolding on HTTPServer2","x-xss-protection":"0","x-frame-options":"SAMEORIGIN","x-content-type-options":"nosniff","alt-svc":"h3-29=\":443\"; ma=2592000,h3-T051=\":443\"; ma=2592000,h3-Q050=\":443\"; ma=2592000,h3-Q046=\":443\"; ma=2592000,h3-Q043=\":443\"; ma=2592000,quic=\":443\"; ma=2592000; v=\"46,43\"","accept-ranges":"none","transfer-encoding":"chunked"}
[debug] [2021-04-09T08:00:50.942Z] >>> [apiv2][query] GET https://firebase.googleapis.com/v1beta1/projects/personal-firebase-test-c5bce/adminSdkConfig [none]
[debug] [2021-04-09T08:00:51.297Z] <<< [apiv2][status] GET https://firebase.googleapis.com/v1beta1/projects/personal-firebase-test-c5bce/adminSdkConfig 200
[debug] [2021-04-09T08:00:51.298Z] <<< [apiv2][body] GET https://firebase.googleapis.com/v1beta1/projects/personal-firebase-test-c5bce/adminSdkConfig {"projectId":"personal-firebase-test-c5bce","storageBucket":"personal-firebase-test-c5bce.appspot.com","locationId":"europe-west"}
[debug] [2021-04-09T08:00:51.313Z] Ignoring unsupported arg: projectId {"metadata":{"emulator":{"name":"firestore"},"message":"Ignoring unsupported arg: projectId"}}
[debug] [2021-04-09T08:00:51.314Z] Ignoring unsupported arg: auto_download {"metadata":{"emulator":{"name":"firestore"},"message":"Ignoring unsupported arg: auto_download"}}
[debug] [2021-04-09T08:00:51.314Z] Starting Firestore Emulator with command {"binary":"java","args":["-Dgoogle.cloud_firestore.debug_log_level=FINE","-Duser.language=en","-jar","C:\\Users\\adacar\\.cache\\firebase\\emulators\\cloud-firestore-emulator-v1.11.12.jar","--host","localhost","--port",8080,"--rules","C:\\Users\\adacar\\code\\snapcup\\firestore.rules","--functions_emulator","localhost:5001"],"optionalArgs":["port","webchannel_port","host","rules","functions_emulator","seed_from_export"],"joinArgs":false} {"metadata":{"emulator":{"name":"firestore"},"message":"Starting Firestore Emulator with command {\"binary\":\"java\",\"args\":[\"-Dgoogle.cloud_firestore.debug_log_level=FINE\",\"-Duser.language=en\",\"-jar\",\"C:\\\\Users\\\\adacar\\\\.cache\\\\firebase\\\\emulators\\\\cloud-firestore-emulator-v1.11.12.jar\",\"--host\",\"localhost\",\"--port\",8080,\"--rules\",\"C:\\\\Users\\\\adacar\\\\code\\\\snapcup\\\\firestore.rules\",\"--functions_emulator\",\"localhost:5001\"],\"optionalArgs\":[\"port\",\"webchannel_port\",\"host\",\"rules\",\"functions_emulator\",\"seed_from_export\"],\"joinArgs\":false}"}}
[info] i  firestore: Firestore Emulator logging to firestore-debug.log {"metadata":{"emulator":{"name":"firestore"},"message":"Firestore Emulator logging to \u001b[1mfirestore-debug.log\u001b[22m"}}
[debug] [2021-04-09T08:00:52.651Z] API endpoint: http://localhost:8080
 {"metadata":{"emulator":{"name":"firestore"},"message":"API endpoint: http://localhost:8080\n"}}
[debug] [2021-04-09T08:00:52.651Z] If you are using a library that supports the FIRESTORE_EMULATOR_HOST environment variable, run:

   export FIRESTORE_EMULATOR_HOST=localhost:8080

Dev App Server is now running.

 {"metadata":{"emulator":{"name":"firestore"},"message":"If you are using a library that supports the FIRESTORE_EMULATOR_HOST environment variable, run:\r\n\n   export FIRESTORE_EMULATOR_HOST=localhost:8080\n\nDev App Server is now running.\n\r\n"}}
[debug] [2021-04-09T08:00:55.453Z] >>> [apiv2][query] GET https://firebase.googleapis.com/v1beta1/projects/personal-firebase-test-c5bce/webApps/-/config [none]
[debug] [2021-04-09T08:00:56.268Z] <<< [apiv2][status] GET https://firebase.googleapis.com/v1beta1/projects/personal-firebase-test-c5bce/webApps/-/config 200
[debug] [2021-04-09T08:00:56.268Z] <<< [apiv2][body] GET https://firebase.googleapis.com/v1beta1/projects/personal-firebase-test-c5bce/webApps/-/config {"projectId":"personal-firebase-test-c5bce","appId":"1:608561902230:web:fd91fb55704ebf952d08b7","storageBucket":"personal-firebase-test-c5bce.appspot.com","locationId":"europe-west","apiKey":"AIzaSyBXPMQ8XMpGs6gixicvfDXdpk9GTovL8a0","authDomain":"personal-firebase-test-c5bce.firebaseapp.com","messagingSenderId":"608561902230"}
[info] i  hosting: Serving hosting files from: app/dist {"metadata":{"emulator":{"name":"hosting"},"message":"Serving hosting files from: \u001b[1mapp/dist\u001b[22m"}}
[info] +  hosting: Local server: http://localhost:5000 {"metadata":{"emulator":{"name":"hosting"},"message":"Local server: \u001b[4m\u001b[1mhttp://localhost:5000\u001b[22m\u001b[24m"}}
[debug] [2021-04-09T08:00:56.309Z] Ignoring unsupported arg: auto_download {"metadata":{"emulator":{"name":"ui"},"message":"Ignoring unsupported arg: auto_download"}}
[debug] [2021-04-09T08:00:56.310Z] Ignoring unsupported arg: port {"metadata":{"emulator":{"name":"ui"},"message":"Ignoring unsupported arg: port"}}
[debug] [2021-04-09T08:00:56.310Z] Starting Emulator UI with command {"binary":"node","args":["C:\\Users\\adacar\\.cache\\firebase\\emulators\\ui-v1.4.2\\server.bundle.js"],"optionalArgs":[],"joinArgs":false} {"metadata":{"emulator":{"name":"ui"},"message":"Starting Emulator UI with command {\"binary\":\"node\",\"args\":[\"C:\\\\Users\\\\adacar\\\\.cache\\\\firebase\\\\emulators\\\\ui-v1.4.2\\\\server.bundle.js\"],\"optionalArgs\":[],\"joinArgs\":false}"}}
[info] i  ui: Emulator UI logging to ui-debug.log {"metadata":{"emulator":{"name":"ui"},"message":"Emulator UI logging to \u001b[1mui-debug.log\u001b[22m"}}
[debug] [2021-04-09T08:00:56.504Z] Web / API server started at http://localhost:4000
 {"metadata":{"emulator":{"name":"ui"},"message":"Web / API server started at http://localhost:4000\n"}}
[info] i  functions: Watching "C:\Users\adacar\code\snapcup\functions" for Cloud Functions... {"metadata":{"emulator":{"name":"functions"},"message":"Watching \"C:\\Users\\adacar\\code\\snapcup\\functions\" for Cloud Functions..."}}
[debug] [2021-04-09T08:00:56.640Z] [worker-pool] addWorker(~diagnostic~) {"metadata":{"emulator":{"name":"functions"},"message":"[worker-pool] addWorker(~diagnostic~)"}}
[debug] [2021-04-09T08:00:56.641Z] [worker-pool] Adding worker with key ~diagnostic~, total=1 {"metadata":{"emulator":{"name":"functions"},"message":"[worker-pool] Adding worker with key ~diagnostic~, total=1"}}
[debug] [2021-04-09T08:00:56.641Z] [worker-pool] submitWork(triggerId=) {"metadata":{"emulator":{"name":"functions"},"message":"[worker-pool] submitWork(triggerId=)"}}
[debug] [2021-04-09T08:00:56.641Z] [worker-~diagnostic~-06051973-bdea-4633-b2cd-f85b60f9f167]: Assigning socketPath: \\?\pipe\C:\Users\adacar\code\snapcup\functions\3472 {"metadata":{"emulator":{"name":"functions"},"message":"[worker-~diagnostic~-06051973-bdea-4633-b2cd-f85b60f9f167]: Assigning socketPath: \\\\?\\pipe\\C:\\Users\\adacar\\code\\snapcup\\functions\\3472"}}
[debug] [2021-04-09T08:00:56.641Z] [worker-~diagnostic~-06051973-bdea-4633-b2cd-f85b60f9f167]: BUSY {"metadata":{"emulator":{"name":"functions"},"message":"[worker-~diagnostic~-06051973-bdea-4633-b2cd-f85b60f9f167]: BUSY"}}
[debug] [2021-04-09T08:00:56.932Z] [runtime-status] [3472] Functions runtime initialized. {"cwd":"C:\\Users\\adacar\\code\\snapcup\\functions","node_version":"14.16.0"} {"metadata":{"emulator":{"name":"functions"},"message":"[runtime-status] [3472] Functions runtime initialized. {\"cwd\":\"C:\\\\Users\\\\adacar\\\\code\\\\snapcup\\\\functions\",\"node_version\":\"14.16.0\"}"}}
[debug] [2021-04-09T08:00:56.933Z] [runtime-status] [3472] Disabled runtime features: undefined {"metadata":{"emulator":{"name":"functions"},"message":"[runtime-status] [3472] Disabled runtime features: undefined"}}
[debug] [2021-04-09T08:00:56.936Z] [runtime-status] [3472] Resolved module firebase-admin {"declared":true,"installed":true,"version":"9.6.0","resolution":"C:\\Users\\adacar\\code\\snapcup\\functions\\node_modules\\firebase-admin\\lib\\index.js"} {"metadata":{"emulator":{"name":"functions"},"message":"[runtime-status] [3472] Resolved module firebase-admin {\"declared\":true,\"installed\":true,\"version\":\"9.6.0\",\"resolution\":\"C:\\\\Users\\\\adacar\\\\code\\\\snapcup\\\\functions\\\\node_modules\\\\firebase-admin\\\\lib\\\\index.js\"}"}}
[debug] [2021-04-09T08:00:56.938Z] [runtime-status] [3472] Resolved module firebase-functions {"declared":true,"installed":true,"version":"3.13.2","resolution":"C:\\Users\\adacar\\code\\snapcup\\functions\\node_modules\\firebase-functions\\lib\\index.js"} {"metadata":{"emulator":{"name":"functions"},"message":"[runtime-status] [3472] Resolved module firebase-functions {\"declared\":true,\"installed\":true,\"version\":\"3.13.2\",\"resolution\":\"C:\\\\Users\\\\adacar\\\\code\\\\snapcup\\\\functions\\\\node_modules\\\\firebase-functions\\\\lib\\\\index.js\"}"}}
[debug] [2021-04-09T08:00:56.940Z] [runtime-status] [3472] Resolved module firebase-functions {"declared":true,"installed":true,"version":"3.13.2","resolution":"C:\\Users\\adacar\\code\\snapcup\\functions\\node_modules\\firebase-functions\\lib\\index.js"} {"metadata":{"emulator":{"name":"functions"},"message":"[runtime-status] [3472] Resolved module firebase-functions {\"declared\":true,\"installed\":true,\"version\":\"3.13.2\",\"resolution\":\"C:\\\\Users\\\\adacar\\\\code\\\\snapcup\\\\functions\\\\node_modules\\\\firebase-functions\\\\lib\\\\index.js\"}"}}
[debug] [2021-04-09T08:00:56.941Z] [runtime-status] [3472] Outgoing network have been stubbed. [{"name":"http","status":"mocked"},{"name":"http","status":"mocked"},{"name":"https","status":"mocked"},{"name":"https","status":"mocked"},{"name":"net","status":"mocked"}] {"metadata":{"emulator":{"name":"functions"},"message":"[runtime-status] [3472] Outgoing network have been stubbed. [{\"name\":\"http\",\"status\":\"mocked\"},{\"name\":\"http\",\"status\":\"mocked\"},{\"name\":\"https\",\"status\":\"mocked\"},{\"name\":\"https\",\"status\":\"mocked\"},{\"name\":\"net\",\"status\":\"mocked\"}]"}}
[debug] [2021-04-09T08:00:56.942Z] [runtime-status] [3472] Resolved module firebase-functions {"declared":true,"installed":true,"version":"3.13.2","resolution":"C:\\Users\\adacar\\code\\snapcup\\functions\\node_modules\\firebase-functions\\lib\\index.js"} {"metadata":{"emulator":{"name":"functions"},"message":"[runtime-status] [3472] Resolved module firebase-functions {\"declared\":true,\"installed\":true,\"version\":\"3.13.2\",\"resolution\":\"C:\\\\Users\\\\adacar\\\\code\\\\snapcup\\\\functions\\\\node_modules\\\\firebase-functions\\\\lib\\\\index.js\"}"}}
[debug] [2021-04-09T08:00:57.102Z] [runtime-status] [3472] Checked functions.config() {"config":{}} {"metadata":{"emulator":{"name":"functions"},"message":"[runtime-status] [3472] Checked functions.config() {\"config\":{}}"}}
[debug] [2021-04-09T08:00:57.102Z] [runtime-status] [3472] firebase-functions has been stubbed. {"functionsResolution":{"declared":true,"installed":true,"version":"3.13.2","resolution":"C:\\Users\\adacar\\code\\snapcup\\functions\\node_modules\\firebase-functions\\lib\\index.js"}} {"metadata":{"emulator":{"name":"functions"},"message":"[runtime-status] [3472] firebase-functions has been stubbed. {\"functionsResolution\":{\"declared\":true,\"installed\":true,\"version\":\"3.13.2\",\"resolution\":\"C:\\\\Users\\\\adacar\\\\code\\\\snapcup\\\\functions\\\\node_modules\\\\firebase-functions\\\\lib\\\\index.js\"}}"}}
[debug] [2021-04-09T08:00:57.102Z] [runtime-status] [3472] Resolved module firebase-functions {"declared":true,"installed":true,"version":"3.13.2","resolution":"C:\\Users\\adacar\\code\\snapcup\\functions\\node_modules\\firebase-functions\\lib\\index.js"} {"metadata":{"emulator":{"name":"functions"},"message":"[runtime-status] [3472] Resolved module firebase-functions {\"declared\":true,\"installed\":true,\"version\":\"3.13.2\",\"resolution\":\"C:\\\\Users\\\\adacar\\\\code\\\\snapcup\\\\functions\\\\node_modules\\\\firebase-functions\\\\lib\\\\index.js\"}"}}
[debug] [2021-04-09T08:00:57.102Z] [runtime-status] [3472] Resolved module firebase-admin {"declared":true,"installed":true,"version":"9.6.0","resolution":"C:\\Users\\adacar\\code\\snapcup\\functions\\node_modules\\firebase-admin\\lib\\index.js"} {"metadata":{"emulator":{"name":"functions"},"message":"[runtime-status] [3472] Resolved module firebase-admin {\"declared\":true,\"installed\":true,\"version\":\"9.6.0\",\"resolution\":\"C:\\\\Users\\\\adacar\\\\code\\\\snapcup\\\\functions\\\\node_modules\\\\firebase-admin\\\\lib\\\\index.js\"}"}}
[debug] [2021-04-09T08:00:57.103Z] [runtime-status] [3472] Resolved module firebase-functions {"declared":true,"installed":true,"version":"3.13.2","resolution":"C:\\Users\\adacar\\code\\snapcup\\functions\\node_modules\\firebase-functions\\lib\\index.js"} {"metadata":{"emulator":{"name":"functions"},"message":"[runtime-status] [3472] Resolved module firebase-functions {\"declared\":true,\"installed\":true,\"version\":\"3.13.2\",\"resolution\":\"C:\\\\Users\\\\adacar\\\\code\\\\snapcup\\\\functions\\\\node_modules\\\\firebase-functions\\\\lib\\\\index.js\"}"}}
[debug] [2021-04-09T08:00:57.104Z] [runtime-status] [3472] firebase-admin has been stubbed. {"adminResolution":{"declared":true,"installed":true,"version":"9.6.0","resolution":"C:\\Users\\adacar\\code\\snapcup\\functions\\node_modules\\firebase-admin\\lib\\index.js"}} {"metadata":{"emulator":{"name":"functions"},"message":"[runtime-status] [3472] firebase-admin has been stubbed. {\"adminResolution\":{\"declared\":true,\"installed\":true,\"version\":\"9.6.0\",\"resolution\":\"C:\\\\Users\\\\adacar\\\\code\\\\snapcup\\\\functions\\\\node_modules\\\\firebase-admin\\\\lib\\\\index.js\"}}"}}
[debug] [2021-04-09T08:00:57.108Z] [runtime-status] [3472] initializeApp(DEFAULT) {"storageBucket":"personal-firebase-test-c5bce.appspot.com","projectId":"personal-firebase-test-c5bce"} {"metadata":{"emulator":{"name":"functions"},"message":"[runtime-status] [3472] initializeApp(DEFAULT) {\"storageBucket\":\"personal-firebase-test-c5bce.appspot.com\",\"projectId\":\"personal-firebase-test-c5bce\"}"}}
[debug] [2021-04-09T08:00:58.003Z] addFirestoreTrigger "{\"eventTrigger\":{\"resource\":\"projects/personal-firebase-test-c5bce/databases/(default)/documents/users/{uid}\",\"eventType\":\"providers/cloud.firestore/eventTypes/document.create\",\"service\":\"firestore.googleapis.com\"}}"
[debug] [2021-04-09T08:00:58.004Z] >>> HTTP REQUEST PUT http://localhost:8080/emulator/v1/projects/personal-firebase-test-c5bce/triggers/setFirstUserAsAdmin-0  
 {"eventTrigger":{"resource":"projects/personal-firebase-test-c5bce/databases/(default)/documents/users/{uid}","eventType":"providers/cloud.firestore/eventTypes/document.create","service":"firestore.googleapis.com"}}
[debug] [2021-04-09T08:00:58.007Z] [worker-~diagnostic~-06051973-bdea-4633-b2cd-f85b60f9f167]: IDLE {"metadata":{"emulator":{"name":"functions"},"message":"[worker-~diagnostic~-06051973-bdea-4633-b2cd-f85b60f9f167]: IDLE"}}
[debug] [2021-04-09T08:00:58.033Z] Apr 09, 2021 9:00:58 AM io.gapi.emulators.netty.HttpVersionRoutingHandler channelRead
INFO: Detected non-HTTP/2 connection.
 {"metadata":{"emulator":{"name":"firestore"},"message":"Apr 09, 2021 9:00:58 AM io.gapi.emulators.netty.HttpVersionRoutingHandler channelRead\r\nINFO: Detected non-HTTP/2 connection.\r\n"}}
[debug] [2021-04-09T08:00:58.221Z] Apr 09, 2021 9:00:58 AM io.gapi.emulators.netty.HttpVersionRoutingHandler channelRead
INFO: Detected HTTP/2 connection.
 {"metadata":{"emulator":{"name":"firestore"},"message":"Apr 09, 2021 9:00:58 AM io.gapi.emulators.netty.HttpVersionRoutingHandler channelRead\r\nINFO: Detected HTTP/2 connection.\r\n"}}
[debug] [2021-04-09T08:00:59.033Z] <<< HTTP RESPONSE 200 {"content-type":"application/json","content-length":"4"}
[info] +  functions[setFirstUserAsAdmin]: firestore function initialized. {"metadata":{"emulator":{"name":"functions"},"message":"\u001b[1mfirestore\u001b[22m function initialized."}}
[info] +  functions[uploadSnappableList]: http function initialized (http://localhost:5001/personal-firebase-test-c5bce/us-central1/uploadSnappableList). {"metadata":{"emulator":{"name":"functions"},"message":"\u001b[1mhttp\u001b[22m function initialized (http://localhost:5001/personal-firebase-test-c5bce/us-central1/uploadSnappableList)."}}
[info] 
┌─────────────────────────────────────────────────────────────┐
│ ✔  All emulators ready! It is now safe to connect your app. │
│ i  View Emulator UI at http://localhost:4000                │
└─────────────────────────────────────────────────────────────┘

┌────────────────┬────────────────┬─────────────────────────────────┐
│ Emulator       │ Host:Port      │ View in Emulator UI             │
├────────────────┼────────────────┼─────────────────────────────────┤
│ Authentication │ localhost:9099 │ http://localhost:4000/auth      │
├────────────────┼────────────────┼─────────────────────────────────┤
│ Functions      │ localhost:5001 │ http://localhost:4000/functions │
├────────────────┼────────────────┼─────────────────────────────────┤
│ Firestore      │ localhost:8080 │ http://localhost:4000/firestore │
├────────────────┼────────────────┼─────────────────────────────────┤
│ Hosting        │ localhost:5000 │ n/a                             │
└────────────────┴────────────────┴─────────────────────────────────┘
  Emulator Hub running at localhost:4400
  Other reserved ports: 4500

Issues? Report them at https://github.com/firebase/firebase-tools/issues and attach the *-debug.log files.
 
[debug] [2021-04-09T08:37:58.909Z] File C:\Users\adacar\code\snapcup\functions\src\index.ts changed, reloading triggers {"metadata":{"emulator":{"name":"functions"},"message":"File C:\\Users\\adacar\\code\\snapcup\\functions\\src\\index.ts changed, reloading triggers"}}
[debug] [2021-04-09T08:37:59.921Z] [worker-pool] Shutting down IDLE worker (~diagnostic~) {"metadata":{"emulator":{"name":"functions"},"message":"[worker-pool] Shutting down IDLE worker (~diagnostic~)"}}
[debug] [2021-04-09T08:37:59.921Z] [worker-~diagnostic~-06051973-bdea-4633-b2cd-f85b60f9f167]: FINISHING {"metadata":{"emulator":{"name":"functions"},"message":"[worker-~diagnostic~-06051973-bdea-4633-b2cd-f85b60f9f167]: FINISHING"}}
[debug] [2021-04-09T08:37:59.941Z] [worker-pool] addWorker(~diagnostic~) {"metadata":{"emulator":{"name":"functions"},"message":"[worker-pool] addWorker(~diagnostic~)"}}
[debug] [2021-04-09T08:37:59.942Z] [worker-pool] Adding worker with key ~diagnostic~, total=2 {"metadata":{"emulator":{"name":"functions"},"message":"[worker-pool] Adding worker with key ~diagnostic~, total=2"}}
[debug] [2021-04-09T08:37:59.942Z] [worker-pool] submitWork(triggerId=) {"metadata":{"emulator":{"name":"functions"},"message":"[worker-pool] submitWork(triggerId=)"}}
[debug] [2021-04-09T08:37:59.942Z] [worker-~diagnostic~-043039e9-bd15-467c-949c-b7ffb5a579d9]: Assigning socketPath: \\?\pipe\C:\Users\adacar\code\snapcup\functions\2348 {"metadata":{"emulator":{"name":"functions"},"message":"[worker-~diagnostic~-043039e9-bd15-467c-949c-b7ffb5a579d9]: Assigning socketPath: \\\\?\\pipe\\C:\\Users\\adacar\\code\\snapcup\\functions\\2348"}}
[debug] [2021-04-09T08:37:59.942Z] [worker-~diagnostic~-043039e9-bd15-467c-949c-b7ffb5a579d9]: BUSY {"metadata":{"emulator":{"name":"functions"},"message":"[worker-~diagnostic~-043039e9-bd15-467c-949c-b7ffb5a579d9]: BUSY"}}
[debug] [2021-04-09T08:37:59.943Z] [worker-~diagnostic~-06051973-bdea-4633-b2cd-f85b60f9f167]: exited {"metadata":{"emulator":{"name":"functions"},"message":"[worker-~diagnostic~-06051973-bdea-4633-b2cd-f85b60f9f167]: exited"}}
[debug] [2021-04-09T08:37:59.943Z] [worker-~diagnostic~-06051973-bdea-4633-b2cd-f85b60f9f167]: FINISHED {"metadata":{"emulator":{"name":"functions"},"message":"[worker-~diagnostic~-06051973-bdea-4633-b2cd-f85b60f9f167]: FINISHED"}}
[debug] [2021-04-09T08:38:00.250Z] [runtime-status] [2348] Functions runtime initialized. {"cwd":"C:\\Users\\adacar\\code\\snapcup\\functions","node_version":"14.16.0"} {"metadata":{"emulator":{"name":"functions"},"message":"[runtime-status] [2348] Functions runtime initialized. {\"cwd\":\"C:\\\\Users\\\\adacar\\\\code\\\\snapcup\\\\functions\",\"node_version\":\"14.16.0\"}"}}
[debug] [2021-04-09T08:38:00.251Z] [runtime-status] [2348] Disabled runtime features: undefined {"metadata":{"emulator":{"name":"functions"},"message":"[runtime-status] [2348] Disabled runtime features: undefined"}}
[debug] [2021-04-09T08:38:00.254Z] [runtime-status] [2348] Resolved module firebase-admin {"declared":true,"installed":true,"version":"9.6.0","resolution":"C:\\Users\\adacar\\code\\snapcup\\functions\\node_modules\\firebase-admin\\lib\\index.js"} {"metadata":{"emulator":{"name":"functions"},"message":"[runtime-status] [2348] Resolved module firebase-admin {\"declared\":true,\"installed\":true,\"version\":\"9.6.0\",\"resolution\":\"C:\\\\Users\\\\adacar\\\\code\\\\snapcup\\\\functions\\\\node_modules\\\\firebase-admin\\\\lib\\\\index.js\"}"}}
[debug] [2021-04-09T08:38:00.256Z] [runtime-status] [2348] Resolved module firebase-functions {"declared":true,"installed":true,"version":"3.13.2","resolution":"C:\\Users\\adacar\\code\\snapcup\\functions\\node_modules\\firebase-functions\\lib\\index.js"} {"metadata":{"emulator":{"name":"functions"},"message":"[runtime-status] [2348] Resolved module firebase-functions {\"declared\":true,\"installed\":true,\"version\":\"3.13.2\",\"resolution\":\"C:\\\\Users\\\\adacar\\\\code\\\\snapcup\\\\functions\\\\node_modules\\\\firebase-functions\\\\lib\\\\index.js\"}"}}
[debug] [2021-04-09T08:38:00.257Z] [runtime-status] [2348] Resolved module firebase-functions {"declared":true,"installed":true,"version":"3.13.2","resolution":"C:\\Users\\adacar\\code\\snapcup\\functions\\node_modules\\firebase-functions\\lib\\index.js"} {"metadata":{"emulator":{"name":"functions"},"message":"[runtime-status] [2348] Resolved module firebase-functions {\"declared\":true,\"installed\":true,\"version\":\"3.13.2\",\"resolution\":\"C:\\\\Users\\\\adacar\\\\code\\\\snapcup\\\\functions\\\\node_modules\\\\firebase-functions\\\\lib\\\\index.js\"}"}}
[debug] [2021-04-09T08:38:00.259Z] [runtime-status] [2348] Outgoing network have been stubbed. [{"name":"http","status":"mocked"},{"name":"http","status":"mocked"},{"name":"https","status":"mocked"},{"name":"https","status":"mocked"},{"name":"net","status":"mocked"}] {"metadata":{"emulator":{"name":"functions"},"message":"[runtime-status] [2348] Outgoing network have been stubbed. [{\"name\":\"http\",\"status\":\"mocked\"},{\"name\":\"http\",\"status\":\"mocked\"},{\"name\":\"https\",\"status\":\"mocked\"},{\"name\":\"https\",\"status\":\"mocked\"},{\"name\":\"net\",\"status\":\"mocked\"}]"}}
[debug] [2021-04-09T08:38:00.260Z] [runtime-status] [2348] Resolved module firebase-functions {"declared":true,"installed":true,"version":"3.13.2","resolution":"C:\\Users\\adacar\\code\\snapcup\\functions\\node_modules\\firebase-functions\\lib\\index.js"} {"metadata":{"emulator":{"name":"functions"},"message":"[runtime-status] [2348] Resolved module firebase-functions {\"declared\":true,\"installed\":true,\"version\":\"3.13.2\",\"resolution\":\"C:\\\\Users\\\\adacar\\\\code\\\\snapcup\\\\functions\\\\node_modules\\\\firebase-functions\\\\lib\\\\index.js\"}"}}
[debug] [2021-04-09T08:38:00.307Z] [runtime-status] [2348] Checked functions.config() {"config":{}} {"metadata":{"emulator":{"name":"functions"},"message":"[runtime-status] [2348] Checked functions.config() {\"config\":{}}"}}
[debug] [2021-04-09T08:38:00.308Z] [runtime-status] [2348] firebase-functions has been stubbed. {"functionsResolution":{"declared":true,"installed":true,"version":"3.13.2","resolution":"C:\\Users\\adacar\\code\\snapcup\\functions\\node_modules\\firebase-functions\\lib\\index.js"}} {"metadata":{"emulator":{"name":"functions"},"message":"[runtime-status] [2348] firebase-functions has been stubbed. {\"functionsResolution\":{\"declared\":true,\"installed\":true,\"version\":\"3.13.2\",\"resolution\":\"C:\\\\Users\\\\adacar\\\\code\\\\snapcup\\\\functions\\\\node_modules\\\\firebase-functions\\\\lib\\\\index.js\"}}"}}
[debug] [2021-04-09T08:38:00.308Z] [runtime-status] [2348] Resolved module firebase-functions {"declared":true,"installed":true,"version":"3.13.2","resolution":"C:\\Users\\adacar\\code\\snapcup\\functions\\node_modules\\firebase-functions\\lib\\index.js"} {"metadata":{"emulator":{"name":"functions"},"message":"[runtime-status] [2348] Resolved module firebase-functions {\"declared\":true,\"installed\":true,\"version\":\"3.13.2\",\"resolution\":\"C:\\\\Users\\\\adacar\\\\code\\\\snapcup\\\\functions\\\\node_modules\\\\firebase-functions\\\\lib\\\\index.js\"}"}}
[debug] [2021-04-09T08:38:00.309Z] [runtime-status] [2348] Resolved module firebase-admin {"declared":true,"installed":true,"version":"9.6.0","resolution":"C:\\Users\\adacar\\code\\snapcup\\functions\\node_modules\\firebase-admin\\lib\\index.js"} {"metadata":{"emulator":{"name":"functions"},"message":"[runtime-status] [2348] Resolved module firebase-admin {\"declared\":true,\"installed\":true,\"version\":\"9.6.0\",\"resolution\":\"C:\\\\Users\\\\adacar\\\\code\\\\snapcup\\\\functions\\\\node_modules\\\\firebase-admin\\\\lib\\\\index.js\"}"}}
[debug] [2021-04-09T08:38:00.310Z] [runtime-status] [2348] Resolved module firebase-functions {"declared":true,"installed":true,"version":"3.13.2","resolution":"C:\\Users\\adacar\\code\\snapcup\\functions\\node_modules\\firebase-functions\\lib\\index.js"} {"metadata":{"emulator":{"name":"functions"},"message":"[runtime-status] [2348] Resolved module firebase-functions {\"declared\":true,\"installed\":true,\"version\":\"3.13.2\",\"resolution\":\"C:\\\\Users\\\\adacar\\\\code\\\\snapcup\\\\functions\\\\node_modules\\\\firebase-functions\\\\lib\\\\index.js\"}"}}
[debug] [2021-04-09T08:38:00.311Z] [runtime-status] [2348] firebase-admin has been stubbed. {"adminResolution":{"declared":true,"installed":true,"version":"9.6.0","resolution":"C:\\Users\\adacar\\code\\snapcup\\functions\\node_modules\\firebase-admin\\lib\\index.js"}} {"metadata":{"emulator":{"name":"functions"},"message":"[runtime-status] [2348] firebase-admin has been stubbed. {\"adminResolution\":{\"declared\":true,\"installed\":true,\"version\":\"9.6.0\",\"resolution\":\"C:\\\\Users\\\\adacar\\\\code\\\\snapcup\\\\functions\\\\node_modules\\\\firebase-admin\\\\lib\\\\index.js\"}}"}}
[debug] [2021-04-09T08:38:00.313Z] [runtime-status] [2348] initializeApp(DEFAULT) {"storageBucket":"personal-firebase-test-c5bce.appspot.com","projectId":"personal-firebase-test-c5bce"} {"metadata":{"emulator":{"name":"functions"},"message":"[runtime-status] [2348] initializeApp(DEFAULT) {\"storageBucket\":\"personal-firebase-test-c5bce.appspot.com\",\"projectId\":\"personal-firebase-test-c5bce\"}"}}
[debug] [2021-04-09T08:38:00.673Z] [worker-~diagnostic~-043039e9-bd15-467c-949c-b7ffb5a579d9]: IDLE {"metadata":{"emulator":{"name":"functions"},"message":"[worker-~diagnostic~-043039e9-bd15-467c-949c-b7ffb5a579d9]: IDLE"}}
